---
  0 info pnpm: "A store server is running. All store manipulations are delegated to it."
  1 warn pnpm: "using --shamefully-flatten is discouraged, you should declare all of your dependencies in package.json"
  2 debug pnpm:package-json: 
    initial: 
      name: "fcc-learn-npm-package-json"
      dependencies: 
        express: "^4.16.3"
        npm: "^5.8.0"
        node: "^9.11.0"
        moment: "^2.22.0"
        body-parser: "^1.18.2"
      main: "server.js"
      scripts: 
        start: "node server.js"
      engines: 
        node: "4.4.5"
      repository: 
        type: "git"
        url: "git+https://github.com/asg5704/FCC.git"
      readme: "# Backend Challenges boilerplate - package.json"
      readmeFilename: "README.md"
      gitHead: "3fede475713c378ec330adbe58bb3a809b468716"
      version: ""
      description: ""
      bugs: 
        url: "https://github.com/asg5704/FCC/issues"
      homepage: "https://github.com/asg5704/FCC#readme"
      _id: "fcc-learn-npm-package-json@"
  3 debug pnpm:stage: "resolution_started"
  4 debug pnpm:progress: 
    pkg: 
      name: "express"
      rawSpec: "express@^4.16.3"
    status: "installing"
  5 debug pnpm:progress: 
    pkg: 
      name: "npm"
      rawSpec: "npm@^5.8.0"
    status: "installing"
  6 debug pnpm:progress: 
    pkg: 
      name: "node"
      rawSpec: "node@^9.11.0"
    status: "installing"
  7 debug pnpm:progress: 
    pkg: 
      name: "moment"
      rawSpec: "moment@^2.22.0"
    status: "installing"
  8 debug pnpm:progress: 
    pkg: 
      name: "body-parser"
      rawSpec: "body-parser@^1.18.2"
    status: "installing"
  9 debug pnpm:progress: 
    status: "downloaded_manifest"
    pkgId: "registry.npmjs.org/express/4.16.3"
    pkgVersion: "4.16.3"
  10 debug pnpm:progress: 
    pkg: 
      dependentId: "registry.npmjs.org/express/4.16.3"
      name: "accepts"
      rawSpec: "accepts@1.3.5"
    status: "installing"
  11 debug pnpm:progress: 
    pkg: 
      dependentId: "registry.npmjs.org/express/4.16.3"
      name: "array-flatten"
      rawSpec: "array-flatten@1.1.1"
    status: "installing"
  12 debug pnpm:progress: 
    pkg: 
      dependentId: "registry.npmjs.org/express/4.16.3"
      name: "body-parser"
      rawSpec: "body-parser@1.18.2"
    status: "installing"
  13 debug pnpm:progress: 
    pkg: 
      dependentId: "registry.npmjs.org/express/4.16.3"
      name: "content-disposition"
      rawSpec: "content-disposition@0.5.2"
    status: "installing"
  14 debug pnpm:progress: 
    pkg: 
      dependentId: "registry.npmjs.org/express/4.16.3"
      name: "content-type"
      rawSpec: "content-type@1.0.4"
    status: "installing"
  15 debug pnpm:progress: 
    pkg: 
      dependentId: "registry.npmjs.org/express/4.16.3"
      name: "cookie"
      rawSpec: "cookie@0.3.1"
    status: "installing"
  16 debug pnpm:progress: 
    pkg: 
      dependentId: "registry.npmjs.org/express/4.16.3"
      name: "cookie-signature"
      rawSpec: "cookie-signature@1.0.6"
    status: "installing"
  17 debug pnpm:progress: 
    pkg: 
      dependentId: "registry.npmjs.org/express/4.16.3"
      name: "debug"
      rawSpec: "debug@2.6.9"
    status: "installing"
  18 debug pnpm:progress: 
    pkg: 
      dependentId: "registry.npmjs.org/express/4.16.3"
      name: "depd"
      rawSpec: "depd@1.1.2"
    status: "installing"
  19 debug pnpm:progress: 
    pkg: 
      dependentId: "registry.npmjs.org/express/4.16.3"
      name: "encodeurl"
      rawSpec: "encodeurl@1.0.2"
    status: "installing"
  20 debug pnpm:progress: 
    pkg: 
      dependentId: "registry.npmjs.org/express/4.16.3"
      name: "escape-html"
      rawSpec: "escape-html@1.0.3"
    status: "installing"
  21 debug pnpm:progress: 
    pkg: 
      dependentId: "registry.npmjs.org/express/4.16.3"
      name: "etag"
      rawSpec: "etag@1.8.1"
    status: "installing"
  22 debug pnpm:progress: 
    pkg: 
      dependentId: "registry.npmjs.org/express/4.16.3"
      name: "finalhandler"
      rawSpec: "finalhandler@1.1.1"
    status: "installing"
  23 debug pnpm:progress: 
    pkg: 
      dependentId: "registry.npmjs.org/express/4.16.3"
      name: "fresh"
      rawSpec: "fresh@0.5.2"
    status: "installing"
  24 debug pnpm:progress: 
    pkg: 
      dependentId: "registry.npmjs.org/express/4.16.3"
      name: "merge-descriptors"
      rawSpec: "merge-descriptors@1.0.1"
    status: "installing"
  25 debug pnpm:progress: 
    pkg: 
      dependentId: "registry.npmjs.org/express/4.16.3"
      name: "methods"
      rawSpec: "methods@1.1.2"
    status: "installing"
  26 debug pnpm:progress: 
    pkg: 
      dependentId: "registry.npmjs.org/express/4.16.3"
      name: "on-finished"
      rawSpec: "on-finished@2.3.0"
    status: "installing"
  27 debug pnpm:progress: 
    pkg: 
      dependentId: "registry.npmjs.org/express/4.16.3"
      name: "parseurl"
      rawSpec: "parseurl@1.3.2"
    status: "installing"
  28 debug pnpm:progress: 
    pkg: 
      dependentId: "registry.npmjs.org/express/4.16.3"
      name: "path-to-regexp"
      rawSpec: "path-to-regexp@0.1.7"
    status: "installing"
  29 debug pnpm:progress: 
    pkg: 
      dependentId: "registry.npmjs.org/express/4.16.3"
      name: "proxy-addr"
      rawSpec: "proxy-addr@2.0.3"
    status: "installing"
  30 debug pnpm:progress: 
    pkg: 
      dependentId: "registry.npmjs.org/express/4.16.3"
      name: "qs"
      rawSpec: "qs@6.5.1"
    status: "installing"
  31 debug pnpm:progress: 
    pkg: 
      dependentId: "registry.npmjs.org/express/4.16.3"
      name: "range-parser"
      rawSpec: "range-parser@1.2.0"
    status: "installing"
  32 debug pnpm:progress: 
    pkg: 
      dependentId: "registry.npmjs.org/express/4.16.3"
      name: "safe-buffer"
      rawSpec: "safe-buffer@5.1.1"
    status: "installing"
  33 debug pnpm:progress: 
    pkg: 
      dependentId: "registry.npmjs.org/express/4.16.3"
      name: "send"
      rawSpec: "send@0.16.2"
    status: "installing"
  34 debug pnpm:progress: 
    pkg: 
      dependentId: "registry.npmjs.org/express/4.16.3"
      name: "serve-static"
      rawSpec: "serve-static@1.13.2"
    status: "installing"
  35 debug pnpm:progress: 
    pkg: 
      dependentId: "registry.npmjs.org/express/4.16.3"
      name: "setprototypeof"
      rawSpec: "setprototypeof@1.1.0"
    status: "installing"
  36 debug pnpm:progress: 
    pkg: 
      dependentId: "registry.npmjs.org/express/4.16.3"
      name: "statuses"
      rawSpec: "statuses@1.4.0"
    status: "installing"
  37 debug pnpm:progress: 
    pkg: 
      dependentId: "registry.npmjs.org/express/4.16.3"
      name: "type-is"
      rawSpec: "type-is@1.6.16"
    status: "installing"
  38 debug pnpm:progress: 
    pkg: 
      dependentId: "registry.npmjs.org/express/4.16.3"
      name: "utils-merge"
      rawSpec: "utils-merge@1.0.1"
    status: "installing"
  39 debug pnpm:progress: 
    pkg: 
      dependentId: "registry.npmjs.org/express/4.16.3"
      name: "vary"
      rawSpec: "vary@1.1.2"
    status: "installing"
  40 debug pnpm:progress: 
    status: "downloaded_manifest"
    pkgId: "registry.npmjs.org/npm/5.8.0"
    pkgVersion: "5.8.0"
  41 debug pnpm:progress: 
    status: "downloaded_manifest"
    pkgId: "registry.npmjs.org/moment/2.22.0"
    pkgVersion: "2.22.0"
  42 debug pnpm:progress: 
    status: "downloaded_manifest"
    pkgId: "registry.npmjs.org/body-parser/1.18.2"
    pkgVersion: "1.18.2"
  43 debug pnpm:progress: 
    pkg: 
      dependentId: "registry.npmjs.org/body-parser/1.18.2"
      name: "bytes"
      rawSpec: "bytes@3.0.0"
    status: "installing"
  44 debug pnpm:progress: 
    pkg: 
      dependentId: "registry.npmjs.org/body-parser/1.18.2"
      name: "content-type"
      rawSpec: "content-type@~1.0.4"
    status: "installing"
  45 debug pnpm:progress: 
    pkg: 
      dependentId: "registry.npmjs.org/body-parser/1.18.2"
      name: "debug"
      rawSpec: "debug@2.6.9"
    status: "installing"
  46 debug pnpm:progress: 
    pkg: 
      dependentId: "registry.npmjs.org/body-parser/1.18.2"
      name: "depd"
      rawSpec: "depd@~1.1.1"
    status: "installing"
  47 debug pnpm:progress: 
    pkg: 
      dependentId: "registry.npmjs.org/body-parser/1.18.2"
      name: "http-errors"
      rawSpec: "http-errors@~1.6.2"
    status: "installing"
  48 debug pnpm:progress: 
    pkg: 
      dependentId: "registry.npmjs.org/body-parser/1.18.2"
      name: "iconv-lite"
      rawSpec: "iconv-lite@0.4.19"
    status: "installing"
  49 debug pnpm:progress: 
    pkg: 
      dependentId: "registry.npmjs.org/body-parser/1.18.2"
      name: "on-finished"
      rawSpec: "on-finished@~2.3.0"
    status: "installing"
  50 debug pnpm:progress: 
    pkg: 
      dependentId: "registry.npmjs.org/body-parser/1.18.2"
      name: "qs"
      rawSpec: "qs@6.5.1"
    status: "installing"
  51 debug pnpm:progress: 
    pkg: 
      dependentId: "registry.npmjs.org/body-parser/1.18.2"
      name: "raw-body"
      rawSpec: "raw-body@2.3.2"
    status: "installing"
  52 debug pnpm:progress: 
    pkg: 
      dependentId: "registry.npmjs.org/body-parser/1.18.2"
      name: "type-is"
      rawSpec: "type-is@~1.6.15"
    status: "installing"
  53 debug pnpm:progress: 
    status: "dependencies_installed"
    pkgId: "registry.npmjs.org/npm/5.8.0"
  54 debug pnpm:progress: 
    status: "dependencies_installed"
    pkgId: "registry.npmjs.org/moment/2.22.0"
  55 debug pnpm:progress: 
    status: "downloaded_manifest"
    pkgId: "registry.npmjs.org/accepts/1.3.5"
    pkgVersion: "1.3.5"
  56 debug pnpm:progress: 
    status: "downloaded_manifest"
    pkgId: "registry.npmjs.org/array-flatten/1.1.1"
    pkgVersion: "1.1.1"
  57 debug pnpm:progress: 
    status: "downloaded_manifest"
    pkgId: "registry.npmjs.org/body-parser/1.18.2"
    pkgVersion: "1.18.2"
  58 debug pnpm:progress: 
    status: "downloaded_manifest"
    pkgId: "registry.npmjs.org/content-disposition/0.5.2"
    pkgVersion: "0.5.2"
  59 debug pnpm:progress: 
    status: "downloaded_manifest"
    pkgId: "registry.npmjs.org/content-type/1.0.4"
    pkgVersion: "1.0.4"
  60 debug pnpm:progress: 
    status: "downloaded_manifest"
    pkgId: "registry.npmjs.org/cookie/0.3.1"
    pkgVersion: "0.3.1"
  61 debug pnpm:progress: 
    status: "downloaded_manifest"
    pkgId: "registry.npmjs.org/cookie-signature/1.0.6"
    pkgVersion: "1.0.6"
  62 debug pnpm:progress: 
    status: "downloaded_manifest"
    pkgId: "registry.npmjs.org/debug/2.6.9"
    pkgVersion: "2.6.9"
  63 debug pnpm:progress: 
    status: "downloaded_manifest"
    pkgId: "registry.npmjs.org/depd/1.1.2"
    pkgVersion: "1.1.2"
  64 debug pnpm:progress: 
    status: "downloaded_manifest"
    pkgId: "registry.npmjs.org/encodeurl/1.0.2"
    pkgVersion: "1.0.2"
  65 debug pnpm:progress: 
    pkg: 
      dependentId: "registry.npmjs.org/accepts/1.3.5"
      name: "mime-types"
      rawSpec: "mime-types@2.1.18"
    status: "installing"
  66 debug pnpm:progress: 
    pkg: 
      dependentId: "registry.npmjs.org/accepts/1.3.5"
      name: "negotiator"
      rawSpec: "negotiator@0.6.1"
    status: "installing"
  67 debug pnpm:progress: 
    status: "dependencies_installed"
    pkgId: "registry.npmjs.org/body-parser/1.18.2"
  68 debug pnpm:progress: 
    pkg: 
      dependentId: "registry.npmjs.org/debug/2.6.9"
      name: "ms"
      rawSpec: "ms@2.0.0"
    status: "installing"
  69 debug pnpm:progress: 
    status: "dependencies_installed"
    pkgId: "registry.npmjs.org/array-flatten/1.1.1"
  70 debug pnpm:progress: 
    status: "dependencies_installed"
    pkgId: "registry.npmjs.org/content-disposition/0.5.2"
  71 debug pnpm:progress: 
    status: "dependencies_installed"
    pkgId: "registry.npmjs.org/content-type/1.0.4"
  72 debug pnpm:progress: 
    status: "dependencies_installed"
    pkgId: "registry.npmjs.org/cookie/0.3.1"
  73 debug pnpm:progress: 
    status: "dependencies_installed"
    pkgId: "registry.npmjs.org/cookie-signature/1.0.6"
  74 debug pnpm:progress: 
    status: "dependencies_installed"
    pkgId: "registry.npmjs.org/depd/1.1.2"
  75 debug pnpm:progress: 
    status: "dependencies_installed"
    pkgId: "registry.npmjs.org/encodeurl/1.0.2"
  76 debug pnpm:progress: 
    status: "downloaded_manifest"
    pkgId: "registry.npmjs.org/escape-html/1.0.3"
    pkgVersion: "1.0.3"
  77 debug pnpm:progress: 
    status: "downloaded_manifest"
    pkgId: "registry.npmjs.org/etag/1.8.1"
    pkgVersion: "1.8.1"
  78 debug pnpm:progress: 
    status: "downloaded_manifest"
    pkgId: "registry.npmjs.org/finalhandler/1.1.1"
    pkgVersion: "1.1.1"
  79 debug pnpm:progress: 
    status: "downloaded_manifest"
    pkgId: "registry.npmjs.org/fresh/0.5.2"
    pkgVersion: "0.5.2"
  80 debug pnpm:progress: 
    status: "downloaded_manifest"
    pkgId: "registry.npmjs.org/merge-descriptors/1.0.1"
    pkgVersion: "1.0.1"
  81 debug pnpm:progress: 
    status: "downloaded_manifest"
    pkgId: "registry.npmjs.org/methods/1.1.2"
    pkgVersion: "1.1.2"
  82 debug pnpm:progress: 
    status: "downloaded_manifest"
    pkgId: "registry.npmjs.org/on-finished/2.3.0"
    pkgVersion: "2.3.0"
  83 debug pnpm:progress: 
    status: "downloaded_manifest"
    pkgId: "registry.npmjs.org/parseurl/1.3.2"
    pkgVersion: "1.3.2"
  84 debug pnpm:progress: 
    status: "downloaded_manifest"
    pkgId: "registry.npmjs.org/path-to-regexp/0.1.7"
    pkgVersion: "0.1.7"
  85 debug pnpm:progress: 
    status: "downloaded_manifest"
    pkgId: "registry.npmjs.org/proxy-addr/2.0.3"
    pkgVersion: "2.0.3"
  86 debug pnpm:progress: 
    status: "downloaded_manifest"
    pkgId: "registry.npmjs.org/qs/6.5.1"
    pkgVersion: "6.5.1"
  87 debug pnpm:progress: 
    status: "downloaded_manifest"
    pkgId: "registry.npmjs.org/range-parser/1.2.0"
    pkgVersion: "1.2.0"
  88 debug pnpm:progress: 
    status: "downloaded_manifest"
    pkgId: "registry.npmjs.org/safe-buffer/5.1.1"
    pkgVersion: "5.1.1"
  89 debug pnpm:progress: 
    status: "downloaded_manifest"
    pkgId: "registry.npmjs.org/send/0.16.2"
    pkgVersion: "0.16.2"
  90 debug pnpm:progress: 
    status: "downloaded_manifest"
    pkgId: "registry.npmjs.org/serve-static/1.13.2"
    pkgVersion: "1.13.2"
  91 debug pnpm:progress: 
    status: "downloaded_manifest"
    pkgId: "registry.npmjs.org/setprototypeof/1.1.0"
    pkgVersion: "1.1.0"
  92 debug pnpm:progress: 
    status: "downloaded_manifest"
    pkgId: "registry.npmjs.org/statuses/1.4.0"
    pkgVersion: "1.4.0"
  93 debug pnpm:progress: 
    status: "downloaded_manifest"
    pkgId: "registry.npmjs.org/type-is/1.6.16"
    pkgVersion: "1.6.16"
  94 debug pnpm:progress: 
    status: "downloaded_manifest"
    pkgId: "registry.npmjs.org/utils-merge/1.0.1"
    pkgVersion: "1.0.1"
  95 debug pnpm:progress: 
    status: "downloaded_manifest"
    pkgId: "registry.npmjs.org/vary/1.1.2"
    pkgVersion: "1.1.2"
  96 debug pnpm:progress: 
    pkg: 
      dependentId: "registry.npmjs.org/finalhandler/1.1.1"
      name: "debug"
      rawSpec: "debug@2.6.9"
    status: "installing"
  97 debug pnpm:progress: 
    pkg: 
      dependentId: "registry.npmjs.org/finalhandler/1.1.1"
      name: "encodeurl"
      rawSpec: "encodeurl@1.0.2"
    status: "installing"
  98 debug pnpm:progress: 
    pkg: 
      dependentId: "registry.npmjs.org/finalhandler/1.1.1"
      name: "escape-html"
      rawSpec: "escape-html@1.0.3"
    status: "installing"
  99 debug pnpm:progress: 
    pkg: 
      dependentId: "registry.npmjs.org/finalhandler/1.1.1"
      name: "on-finished"
      rawSpec: "on-finished@2.3.0"
    status: "installing"
  100 debug pnpm:progress: 
    pkg: 
      dependentId: "registry.npmjs.org/finalhandler/1.1.1"
      name: "parseurl"
      rawSpec: "parseurl@1.3.2"
    status: "installing"
  101 debug pnpm:progress: 
    pkg: 
      dependentId: "registry.npmjs.org/finalhandler/1.1.1"
      name: "statuses"
      rawSpec: "statuses@1.4.0"
    status: "installing"
  102 debug pnpm:progress: 
    pkg: 
      dependentId: "registry.npmjs.org/finalhandler/1.1.1"
      name: "unpipe"
      rawSpec: "unpipe@1.0.0"
    status: "installing"
  103 debug pnpm:progress: 
    pkg: 
      dependentId: "registry.npmjs.org/on-finished/2.3.0"
      name: "ee-first"
      rawSpec: "ee-first@1.1.1"
    status: "installing"
  104 debug pnpm:progress: 
    pkg: 
      dependentId: "registry.npmjs.org/proxy-addr/2.0.3"
      name: "forwarded"
      rawSpec: "forwarded@0.1.2"
    status: "installing"
  105 debug pnpm:progress: 
    pkg: 
      dependentId: "registry.npmjs.org/proxy-addr/2.0.3"
      name: "ipaddr.js"
      rawSpec: "ipaddr.js@1.6.0"
    status: "installing"
  106 debug pnpm:progress: 
    pkg: 
      dependentId: "registry.npmjs.org/send/0.16.2"
      name: "debug"
      rawSpec: "debug@2.6.9"
    status: "installing"
  107 debug pnpm:progress: 
    pkg: 
      dependentId: "registry.npmjs.org/send/0.16.2"
      name: "depd"
      rawSpec: "depd@1.1.2"
    status: "installing"
  108 debug pnpm:progress: 
    pkg: 
      dependentId: "registry.npmjs.org/send/0.16.2"
      name: "destroy"
      rawSpec: "destroy@1.0.4"
    status: "installing"
  109 debug pnpm:progress: 
    pkg: 
      dependentId: "registry.npmjs.org/send/0.16.2"
      name: "encodeurl"
      rawSpec: "encodeurl@1.0.2"
    status: "installing"
  110 debug pnpm:progress: 
    pkg: 
      dependentId: "registry.npmjs.org/send/0.16.2"
      name: "escape-html"
      rawSpec: "escape-html@1.0.3"
    status: "installing"
  111 debug pnpm:progress: 
    pkg: 
      dependentId: "registry.npmjs.org/send/0.16.2"
      name: "etag"
      rawSpec: "etag@1.8.1"
    status: "installing"
  112 debug pnpm:progress: 
    pkg: 
      dependentId: "registry.npmjs.org/send/0.16.2"
      name: "fresh"
      rawSpec: "fresh@0.5.2"
    status: "installing"
  113 debug pnpm:progress: 
    pkg: 
      dependentId: "registry.npmjs.org/send/0.16.2"
      name: "http-errors"
      rawSpec: "http-errors@1.6.3"
    status: "installing"
  114 debug pnpm:progress: 
    pkg: 
      dependentId: "registry.npmjs.org/send/0.16.2"
      name: "mime"
      rawSpec: "mime@1.4.1"
    status: "installing"
  115 debug pnpm:progress: 
    pkg: 
      dependentId: "registry.npmjs.org/send/0.16.2"
      name: "ms"
      rawSpec: "ms@2.0.0"
    status: "installing"
  116 debug pnpm:progress: 
    pkg: 
      dependentId: "registry.npmjs.org/send/0.16.2"
      name: "on-finished"
      rawSpec: "on-finished@2.3.0"
    status: "installing"
  117 debug pnpm:progress: 
    pkg: 
      dependentId: "registry.npmjs.org/send/0.16.2"
      name: "range-parser"
      rawSpec: "range-parser@1.2.0"
    status: "installing"
  118 debug pnpm:progress: 
    pkg: 
      dependentId: "registry.npmjs.org/send/0.16.2"
      name: "statuses"
      rawSpec: "statuses@1.4.0"
    status: "installing"
  119 debug pnpm:progress: 
    pkg: 
      dependentId: "registry.npmjs.org/serve-static/1.13.2"
      name: "encodeurl"
      rawSpec: "encodeurl@1.0.2"
    status: "installing"
  120 debug pnpm:progress: 
    pkg: 
      dependentId: "registry.npmjs.org/serve-static/1.13.2"
      name: "escape-html"
      rawSpec: "escape-html@1.0.3"
    status: "installing"
  121 debug pnpm:progress: 
    pkg: 
      dependentId: "registry.npmjs.org/serve-static/1.13.2"
      name: "parseurl"
      rawSpec: "parseurl@1.3.2"
    status: "installing"
  122 debug pnpm:progress: 
    pkg: 
      dependentId: "registry.npmjs.org/serve-static/1.13.2"
      name: "send"
      rawSpec: "send@0.16.2"
    status: "installing"
  123 debug pnpm:progress: 
    pkg: 
      dependentId: "registry.npmjs.org/type-is/1.6.16"
      name: "media-typer"
      rawSpec: "media-typer@0.3.0"
    status: "installing"
  124 debug pnpm:progress: 
    pkg: 
      dependentId: "registry.npmjs.org/type-is/1.6.16"
      name: "mime-types"
      rawSpec: "mime-types@2.1.18"
    status: "installing"
  125 debug pnpm:progress: 
    status: "dependencies_installed"
    pkgId: "registry.npmjs.org/escape-html/1.0.3"
  126 debug pnpm:progress: 
    status: "dependencies_installed"
    pkgId: "registry.npmjs.org/etag/1.8.1"
  127 debug pnpm:progress: 
    status: "dependencies_installed"
    pkgId: "registry.npmjs.org/fresh/0.5.2"
  128 debug pnpm:progress: 
    status: "dependencies_installed"
    pkgId: "registry.npmjs.org/merge-descriptors/1.0.1"
  129 debug pnpm:progress: 
    status: "dependencies_installed"
    pkgId: "registry.npmjs.org/methods/1.1.2"
  130 debug pnpm:progress: 
    status: "dependencies_installed"
    pkgId: "registry.npmjs.org/parseurl/1.3.2"
  131 debug pnpm:progress: 
    status: "dependencies_installed"
    pkgId: "registry.npmjs.org/path-to-regexp/0.1.7"
  132 debug pnpm:progress: 
    status: "dependencies_installed"
    pkgId: "registry.npmjs.org/qs/6.5.1"
  133 debug pnpm:progress: 
    status: "dependencies_installed"
    pkgId: "registry.npmjs.org/range-parser/1.2.0"
  134 debug pnpm:progress: 
    status: "dependencies_installed"
    pkgId: "registry.npmjs.org/safe-buffer/5.1.1"
  135 debug pnpm:progress: 
    status: "dependencies_installed"
    pkgId: "registry.npmjs.org/setprototypeof/1.1.0"
  136 debug pnpm:progress: 
    status: "dependencies_installed"
    pkgId: "registry.npmjs.org/statuses/1.4.0"
  137 debug pnpm:progress: 
    status: "dependencies_installed"
    pkgId: "registry.npmjs.org/utils-merge/1.0.1"
  138 debug pnpm:progress: 
    status: "dependencies_installed"
    pkgId: "registry.npmjs.org/vary/1.1.2"
  139 debug pnpm:progress: 
    status: "downloaded_manifest"
    pkgId: "registry.npmjs.org/bytes/3.0.0"
    pkgVersion: "3.0.0"
  140 debug pnpm:progress: 
    status: "downloaded_manifest"
    pkgId: "registry.npmjs.org/debug/2.6.9"
    pkgVersion: "2.6.9"
  141 debug pnpm:progress: 
    status: "downloaded_manifest"
    pkgId: "registry.npmjs.org/iconv-lite/0.4.19"
    pkgVersion: "0.4.19"
  142 debug pnpm:progress: 
    status: "downloaded_manifest"
    pkgId: "registry.npmjs.org/qs/6.5.1"
    pkgVersion: "6.5.1"
  143 debug pnpm:progress: 
    status: "downloaded_manifest"
    pkgId: "registry.npmjs.org/raw-body/2.3.2"
    pkgVersion: "2.3.2"
  144 debug pnpm:progress: 
    status: "downloaded_manifest"
    pkgId: "registry.npmjs.org/content-type/1.0.4"
    pkgVersion: "1.0.4"
  145 debug pnpm:progress: 
    status: "downloaded_manifest"
    pkgId: "registry.npmjs.org/depd/1.1.2"
    pkgVersion: "1.1.2"
  146 debug pnpm:progress: 
    status: "downloaded_manifest"
    pkgId: "registry.npmjs.org/http-errors/1.6.3"
    pkgVersion: "1.6.3"
  147 debug pnpm:progress: 
    status: "downloaded_manifest"
    pkgId: "registry.npmjs.org/on-finished/2.3.0"
    pkgVersion: "2.3.0"
  148 debug pnpm:progress: 
    status: "downloaded_manifest"
    pkgId: "registry.npmjs.org/type-is/1.6.16"
    pkgVersion: "1.6.16"
  149 debug pnpm:progress: 
    status: "downloaded_manifest"
    pkgId: "registry.npmjs.org/node/9.11.0"
    pkgVersion: "9.11.0"
  150 debug pnpm:progress: 
    status: "dependencies_installed"
    pkgId: "registry.npmjs.org/debug/2.6.9"
  151 debug pnpm:progress: 
    status: "dependencies_installed"
    pkgId: "registry.npmjs.org/qs/6.5.1"
  152 debug pnpm:progress: 
    pkg: 
      dependentId: "registry.npmjs.org/raw-body/2.3.2"
      name: "bytes"
      rawSpec: "bytes@3.0.0"
    status: "installing"
  153 debug pnpm:progress: 
    pkg: 
      dependentId: "registry.npmjs.org/raw-body/2.3.2"
      name: "http-errors"
      rawSpec: "http-errors@1.6.2"
    status: "installing"
  154 debug pnpm:progress: 
    pkg: 
      dependentId: "registry.npmjs.org/raw-body/2.3.2"
      name: "iconv-lite"
      rawSpec: "iconv-lite@0.4.19"
    status: "installing"
  155 debug pnpm:progress: 
    pkg: 
      dependentId: "registry.npmjs.org/raw-body/2.3.2"
      name: "unpipe"
      rawSpec: "unpipe@1.0.0"
    status: "installing"
  156 debug pnpm:progress: 
    status: "dependencies_installed"
    pkgId: "registry.npmjs.org/content-type/1.0.4"
  157 debug pnpm:progress: 
    status: "dependencies_installed"
    pkgId: "registry.npmjs.org/depd/1.1.2"
  158 debug pnpm:progress: 
    pkg: 
      dependentId: "registry.npmjs.org/http-errors/1.6.3"
      name: "depd"
      rawSpec: "depd@~1.1.2"
    status: "installing"
  159 debug pnpm:progress: 
    pkg: 
      dependentId: "registry.npmjs.org/http-errors/1.6.3"
      name: "inherits"
      rawSpec: "inherits@2.0.3"
    status: "installing"
  160 debug pnpm:progress: 
    pkg: 
      dependentId: "registry.npmjs.org/http-errors/1.6.3"
      name: "setprototypeof"
      rawSpec: "setprototypeof@1.1.0"
    status: "installing"
  161 debug pnpm:progress: 
    pkg: 
      dependentId: "registry.npmjs.org/http-errors/1.6.3"
      name: "statuses"
      rawSpec: "statuses@>= 1.4.0 < 2"
    status: "installing"
  162 debug pnpm:progress: 
    status: "dependencies_installed"
    pkgId: "registry.npmjs.org/on-finished/2.3.0"
  163 debug pnpm:progress: 
    status: "dependencies_installed"
    pkgId: "registry.npmjs.org/type-is/1.6.16"
  164 debug pnpm:progress: 
    pkg: 
      dependentId: "registry.npmjs.org/node/9.11.0"
      name: "node-bin-setup"
      rawSpec: "node-bin-setup@^1.0.0"
    status: "installing"
  165 debug pnpm:progress: 
    status: "dependencies_installed"
    pkgId: "registry.npmjs.org/bytes/3.0.0"
  166 debug pnpm:progress: 
    status: "dependencies_installed"
    pkgId: "registry.npmjs.org/iconv-lite/0.4.19"
  167 debug pnpm:progress: 
    status: "downloaded_manifest"
    pkgId: "registry.npmjs.org/mime-types/2.1.18"
    pkgVersion: "2.1.18"
  168 debug pnpm:progress: 
    status: "downloaded_manifest"
    pkgId: "registry.npmjs.org/negotiator/0.6.1"
    pkgVersion: "0.6.1"
  169 debug pnpm:progress: 
    status: "downloaded_manifest"
    pkgId: "registry.npmjs.org/ms/2.0.0"
    pkgVersion: "2.0.0"
  170 debug pnpm:progress: 
    pkg: 
      dependentId: "registry.npmjs.org/mime-types/2.1.18"
      name: "mime-db"
      rawSpec: "mime-db@1.33.0"
    status: "installing"
  171 debug pnpm:progress: 
    status: "dependencies_installed"
    pkgId: "registry.npmjs.org/negotiator/0.6.1"
  172 debug pnpm:progress: 
    status: "dependencies_installed"
    pkgId: "registry.npmjs.org/ms/2.0.0"
  173 debug pnpm:progress: 
    status: "dependencies_installed"
    pkgId: "registry.npmjs.org/debug/2.6.9"
  174 debug pnpm:progress: 
    status: "downloaded_manifest"
    pkgId: "registry.npmjs.org/debug/2.6.9"
    pkgVersion: "2.6.9"
  175 debug pnpm:progress: 
    status: "downloaded_manifest"
    pkgId: "registry.npmjs.org/encodeurl/1.0.2"
    pkgVersion: "1.0.2"
  176 debug pnpm:progress: 
    status: "downloaded_manifest"
    pkgId: "registry.npmjs.org/escape-html/1.0.3"
    pkgVersion: "1.0.3"
  177 debug pnpm:progress: 
    status: "downloaded_manifest"
    pkgId: "registry.npmjs.org/on-finished/2.3.0"
    pkgVersion: "2.3.0"
  178 debug pnpm:progress: 
    status: "downloaded_manifest"
    pkgId: "registry.npmjs.org/parseurl/1.3.2"
    pkgVersion: "1.3.2"
  179 debug pnpm:progress: 
    status: "downloaded_manifest"
    pkgId: "registry.npmjs.org/statuses/1.4.0"
    pkgVersion: "1.4.0"
  180 debug pnpm:progress: 
    status: "downloaded_manifest"
    pkgId: "registry.npmjs.org/unpipe/1.0.0"
    pkgVersion: "1.0.0"
  181 debug pnpm:progress: 
    status: "downloaded_manifest"
    pkgId: "registry.npmjs.org/ee-first/1.1.1"
    pkgVersion: "1.1.1"
  182 debug pnpm:progress: 
    status: "downloaded_manifest"
    pkgId: "registry.npmjs.org/forwarded/0.1.2"
    pkgVersion: "0.1.2"
  183 debug pnpm:progress: 
    status: "downloaded_manifest"
    pkgId: "registry.npmjs.org/ipaddr.js/1.6.0"
    pkgVersion: "1.6.0"
  184 debug pnpm:progress: 
    status: "downloaded_manifest"
    pkgId: "registry.npmjs.org/debug/2.6.9"
    pkgVersion: "2.6.9"
  185 debug pnpm:progress: 
    status: "downloaded_manifest"
    pkgId: "registry.npmjs.org/depd/1.1.2"
    pkgVersion: "1.1.2"
  186 debug pnpm:progress: 
    status: "downloaded_manifest"
    pkgId: "registry.npmjs.org/destroy/1.0.4"
    pkgVersion: "1.0.4"
  187 debug pnpm:progress: 
    status: "downloaded_manifest"
    pkgId: "registry.npmjs.org/encodeurl/1.0.2"
    pkgVersion: "1.0.2"
  188 debug pnpm:progress: 
    status: "downloaded_manifest"
    pkgId: "registry.npmjs.org/escape-html/1.0.3"
    pkgVersion: "1.0.3"
  189 debug pnpm:progress: 
    status: "downloaded_manifest"
    pkgId: "registry.npmjs.org/etag/1.8.1"
    pkgVersion: "1.8.1"
  190 debug pnpm:progress: 
    status: "downloaded_manifest"
    pkgId: "registry.npmjs.org/fresh/0.5.2"
    pkgVersion: "0.5.2"
  191 debug pnpm:progress: 
    status: "downloaded_manifest"
    pkgId: "registry.npmjs.org/http-errors/1.6.3"
    pkgVersion: "1.6.3"
  192 debug pnpm:progress: 
    status: "downloaded_manifest"
    pkgId: "registry.npmjs.org/mime/1.4.1"
    pkgVersion: "1.4.1"
  193 debug pnpm:progress: 
    status: "downloaded_manifest"
    pkgId: "registry.npmjs.org/ms/2.0.0"
    pkgVersion: "2.0.0"
  194 debug pnpm:progress: 
    status: "downloaded_manifest"
    pkgId: "registry.npmjs.org/on-finished/2.3.0"
    pkgVersion: "2.3.0"
  195 debug pnpm:progress: 
    status: "downloaded_manifest"
    pkgId: "registry.npmjs.org/range-parser/1.2.0"
    pkgVersion: "1.2.0"
  196 debug pnpm:progress: 
    status: "downloaded_manifest"
    pkgId: "registry.npmjs.org/statuses/1.4.0"
    pkgVersion: "1.4.0"
  197 debug pnpm:progress: 
    status: "downloaded_manifest"
    pkgId: "registry.npmjs.org/encodeurl/1.0.2"
    pkgVersion: "1.0.2"
  198 debug pnpm:progress: 
    status: "downloaded_manifest"
    pkgId: "registry.npmjs.org/escape-html/1.0.3"
    pkgVersion: "1.0.3"
  199 debug pnpm:progress: 
    status: "downloaded_manifest"
    pkgId: "registry.npmjs.org/parseurl/1.3.2"
    pkgVersion: "1.3.2"
  200 debug pnpm:progress: 
    status: "dependencies_installed"
    pkgId: "registry.npmjs.org/debug/2.6.9"
  201 debug pnpm:progress: 
    status: "dependencies_installed"
    pkgId: "registry.npmjs.org/encodeurl/1.0.2"
  202 debug pnpm:progress: 
    status: "dependencies_installed"
    pkgId: "registry.npmjs.org/escape-html/1.0.3"
  203 debug pnpm:progress: 
    status: "dependencies_installed"
    pkgId: "registry.npmjs.org/on-finished/2.3.0"
  204 debug pnpm:progress: 
    status: "dependencies_installed"
    pkgId: "registry.npmjs.org/parseurl/1.3.2"
  205 debug pnpm:progress: 
    status: "dependencies_installed"
    pkgId: "registry.npmjs.org/statuses/1.4.0"
  206 debug pnpm:progress: 
    status: "dependencies_installed"
    pkgId: "registry.npmjs.org/debug/2.6.9"
  207 debug pnpm:progress: 
    status: "dependencies_installed"
    pkgId: "registry.npmjs.org/depd/1.1.2"
  208 debug pnpm:progress: 
    status: "dependencies_installed"
    pkgId: "registry.npmjs.org/encodeurl/1.0.2"
  209 debug pnpm:progress: 
    status: "dependencies_installed"
    pkgId: "registry.npmjs.org/escape-html/1.0.3"
  210 debug pnpm:progress: 
    status: "dependencies_installed"
    pkgId: "registry.npmjs.org/etag/1.8.1"
  211 debug pnpm:progress: 
    status: "dependencies_installed"
    pkgId: "registry.npmjs.org/fresh/0.5.2"
  212 debug pnpm:progress: 
    status: "dependencies_installed"
    pkgId: "registry.npmjs.org/http-errors/1.6.3"
  213 debug pnpm:progress: 
    status: "dependencies_installed"
    pkgId: "registry.npmjs.org/ms/2.0.0"
  214 debug pnpm:progress: 
    status: "dependencies_installed"
    pkgId: "registry.npmjs.org/on-finished/2.3.0"
  215 debug pnpm:progress: 
    status: "dependencies_installed"
    pkgId: "registry.npmjs.org/range-parser/1.2.0"
  216 debug pnpm:progress: 
    status: "dependencies_installed"
    pkgId: "registry.npmjs.org/statuses/1.4.0"
  217 debug pnpm:progress: 
    status: "dependencies_installed"
    pkgId: "registry.npmjs.org/encodeurl/1.0.2"
  218 debug pnpm:progress: 
    status: "dependencies_installed"
    pkgId: "registry.npmjs.org/escape-html/1.0.3"
  219 debug pnpm:progress: 
    status: "dependencies_installed"
    pkgId: "registry.npmjs.org/parseurl/1.3.2"
  220 debug pnpm:progress: 
    status: "dependencies_installed"
    pkgId: "registry.npmjs.org/unpipe/1.0.0"
  221 debug pnpm:progress: 
    status: "dependencies_installed"
    pkgId: "registry.npmjs.org/ee-first/1.1.1"
  222 debug pnpm:progress: 
    status: "dependencies_installed"
    pkgId: "registry.npmjs.org/forwarded/0.1.2"
  223 debug pnpm:progress: 
    status: "dependencies_installed"
    pkgId: "registry.npmjs.org/ipaddr.js/1.6.0"
  224 debug pnpm:progress: 
    status: "dependencies_installed"
    pkgId: "registry.npmjs.org/destroy/1.0.4"
  225 debug pnpm:progress: 
    status: "dependencies_installed"
    pkgId: "registry.npmjs.org/mime/1.4.1"
  226 debug pnpm:progress: 
    status: "dependencies_installed"
    pkgId: "registry.npmjs.org/finalhandler/1.1.1"
  227 debug pnpm:progress: 
    status: "dependencies_installed"
    pkgId: "registry.npmjs.org/on-finished/2.3.0"
  228 debug pnpm:progress: 
    status: "dependencies_installed"
    pkgId: "registry.npmjs.org/proxy-addr/2.0.3"
  229 debug pnpm:progress: 
    status: "dependencies_installed"
    pkgId: "registry.npmjs.org/send/0.16.2"
  230 debug pnpm:progress: 
    status: "downloaded_manifest"
    pkgId: "registry.npmjs.org/send/0.16.2"
    pkgVersion: "0.16.2"
  231 debug pnpm:progress: 
    status: "downloaded_manifest"
    pkgId: "registry.npmjs.org/media-typer/0.3.0"
    pkgVersion: "0.3.0"
  232 debug pnpm:progress: 
    status: "downloaded_manifest"
    pkgId: "registry.npmjs.org/mime-types/2.1.18"
    pkgVersion: "2.1.18"
  233 debug pnpm:progress: 
    status: "dependencies_installed"
    pkgId: "registry.npmjs.org/send/0.16.2"
  234 debug pnpm:progress: 
    status: "dependencies_installed"
    pkgId: "registry.npmjs.org/mime-types/2.1.18"
  235 debug pnpm:progress: 
    status: "dependencies_installed"
    pkgId: "registry.npmjs.org/media-typer/0.3.0"
  236 debug pnpm:progress: 
    status: "dependencies_installed"
    pkgId: "registry.npmjs.org/serve-static/1.13.2"
  237 debug pnpm:progress: 
    status: "dependencies_installed"
    pkgId: "registry.npmjs.org/type-is/1.6.16"
  238 debug pnpm:progress: 
    status: "downloaded_manifest"
    pkgId: "registry.npmjs.org/http-errors/1.6.2"
    pkgVersion: "1.6.2"
  239 debug pnpm:progress: 
    status: "downloaded_manifest"
    pkgId: "registry.npmjs.org/depd/1.1.2"
    pkgVersion: "1.1.2"
  240 debug pnpm:progress: 
    status: "downloaded_manifest"
    pkgId: "registry.npmjs.org/mime-db/1.33.0"
    pkgVersion: "1.33.0"
  241 debug pnpm:progress: 
    pkg: 
      dependentId: "registry.npmjs.org/http-errors/1.6.2"
      name: "depd"
      rawSpec: "depd@1.1.1"
    status: "installing"
  242 debug pnpm:progress: 
    pkg: 
      dependentId: "registry.npmjs.org/http-errors/1.6.2"
      name: "inherits"
      rawSpec: "inherits@2.0.3"
    status: "installing"
  243 debug pnpm:progress: 
    pkg: 
      dependentId: "registry.npmjs.org/http-errors/1.6.2"
      name: "setprototypeof"
      rawSpec: "setprototypeof@1.0.3"
    status: "installing"
  244 debug pnpm:progress: 
    pkg: 
      dependentId: "registry.npmjs.org/http-errors/1.6.2"
      name: "statuses"
      rawSpec: "statuses@>= 1.3.1 < 2"
    status: "installing"
  245 debug pnpm:progress: 
    status: "dependencies_installed"
    pkgId: "registry.npmjs.org/depd/1.1.2"
  246 debug pnpm:progress: 
    status: "dependencies_installed"
    pkgId: "registry.npmjs.org/mime-db/1.33.0"
  247 debug pnpm:progress: 
    status: "dependencies_installed"
    pkgId: "registry.npmjs.org/mime-types/2.1.18"
  248 debug pnpm:progress: 
    status: "dependencies_installed"
    pkgId: "registry.npmjs.org/accepts/1.3.5"
  249 debug pnpm:progress: 
    status: "dependencies_installed"
    pkgId: "registry.npmjs.org/express/4.16.3"
  250 debug pnpm:progress: 
    status: "downloaded_manifest"
    pkgId: "registry.npmjs.org/bytes/3.0.0"
    pkgVersion: "3.0.0"
  251 debug pnpm:progress: 
    status: "downloaded_manifest"
    pkgId: "registry.npmjs.org/iconv-lite/0.4.19"
    pkgVersion: "0.4.19"
  252 debug pnpm:progress: 
    status: "downloaded_manifest"
    pkgId: "registry.npmjs.org/unpipe/1.0.0"
    pkgVersion: "1.0.0"
  253 debug pnpm:progress: 
    status: "downloaded_manifest"
    pkgId: "registry.npmjs.org/inherits/2.0.3"
    pkgVersion: "2.0.3"
  254 debug pnpm:progress: 
    status: "downloaded_manifest"
    pkgId: "registry.npmjs.org/setprototypeof/1.1.0"
    pkgVersion: "1.1.0"
  255 debug pnpm:progress: 
    status: "downloaded_manifest"
    pkgId: "registry.npmjs.org/statuses/1.5.0"
    pkgVersion: "1.5.0"
  256 debug pnpm:progress: 
    status: "downloaded_manifest"
    pkgId: "registry.npmjs.org/depd/1.1.1"
    pkgVersion: "1.1.1"
  257 debug pnpm:progress: 
    status: "downloaded_manifest"
    pkgId: "registry.npmjs.org/statuses/1.5.0"
    pkgVersion: "1.5.0"
  258 debug pnpm:progress: 
    status: "downloaded_manifest"
    pkgId: "registry.npmjs.org/node-bin-setup/1.0.6"
    pkgVersion: "1.0.6"
  259 debug pnpm:progress: 
    status: "downloaded_manifest"
    pkgId: "registry.npmjs.org/inherits/2.0.3"
    pkgVersion: "2.0.3"
  260 debug pnpm:progress: 
    status: "downloaded_manifest"
    pkgId: "registry.npmjs.org/setprototypeof/1.0.3"
    pkgVersion: "1.0.3"
  261 debug pnpm:progress: 
    status: "dependencies_installed"
    pkgId: "registry.npmjs.org/bytes/3.0.0"
  262 debug pnpm:progress: 
    status: "dependencies_installed"
    pkgId: "registry.npmjs.org/iconv-lite/0.4.19"
  263 debug pnpm:progress: 
    status: "dependencies_installed"
    pkgId: "registry.npmjs.org/unpipe/1.0.0"
  264 debug pnpm:progress: 
    status: "dependencies_installed"
    pkgId: "registry.npmjs.org/setprototypeof/1.1.0"
  265 debug pnpm:progress: 
    status: "dependencies_installed"
    pkgId: "registry.npmjs.org/statuses/1.5.0"
  266 debug pnpm:progress: 
    status: "dependencies_installed"
    pkgId: "registry.npmjs.org/inherits/2.0.3"
  267 debug pnpm:progress: 
    status: "dependencies_installed"
    pkgId: "registry.npmjs.org/inherits/2.0.3"
  268 debug pnpm:progress: 
    status: "dependencies_installed"
    pkgId: "registry.npmjs.org/statuses/1.5.0"
  269 debug pnpm:progress: 
    status: "dependencies_installed"
    pkgId: "registry.npmjs.org/depd/1.1.1"
  270 debug pnpm:progress: 
    status: "dependencies_installed"
    pkgId: "registry.npmjs.org/node-bin-setup/1.0.6"
  271 debug pnpm:progress: 
    status: "dependencies_installed"
    pkgId: "registry.npmjs.org/setprototypeof/1.0.3"
  272 debug pnpm:progress: 
    status: "dependencies_installed"
    pkgId: "registry.npmjs.org/http-errors/1.6.3"
  273 debug pnpm:progress: 
    status: "dependencies_installed"
    pkgId: "registry.npmjs.org/node/9.11.0"
  274 debug pnpm:progress: 
    status: "dependencies_installed"
    pkgId: "registry.npmjs.org/http-errors/1.6.2"
  275 debug pnpm:progress: 
    status: "dependencies_installed"
    pkgId: "registry.npmjs.org/raw-body/2.3.2"
  276 debug pnpm:progress: 
    status: "dependencies_installed"
    pkgId: "registry.npmjs.org/body-parser/1.18.2"
  277 debug pnpm:stage: "resolution_done"
  278 debug pnpm:package-json: 
    updated: 
      name: "fcc-learn-npm-package-json"
      dependencies: 
        express: "^4.16.3"
        npm: "^5.8.0"
        node: "^9.11.0"
        moment: "^2.22.0"
        body-parser: "^1.18.2"
      main: "server.js"
      scripts: 
        start: "node server.js"
      engines: 
        node: "4.4.5"
      repository: 
        type: "git"
        url: "git+https://github.com/asg5704/FCC.git"
      readme: "# Backend Challenges boilerplate - package.json"
      readmeFilename: "README.md"
      gitHead: "3fede475713c378ec330adbe58bb3a809b468716"
      version: ""
      description: ""
      bugs: 
        url: "https://github.com/asg5704/FCC/issues"
      homepage: "https://github.com/asg5704/FCC#readme"
      _id: "fcc-learn-npm-package-json@"
  279 debug pnpm:stats: 
    removed: 0
  280 debug pnpm:stage: "importing_started"
  281 debug pnpm:stats: 
    added: 3
  282 debug pnpm:stage: "importing_done"
  283 debug pnpm:progress: 
    pkgId: "registry.npmjs.org/express/4.16.3"
    status: "installed"
  284 debug pnpm:progress: 
    pkgId: "registry.npmjs.org/npm/5.8.0"
    status: "installed"
  285 debug pnpm:progress: 
    pkgId: "registry.npmjs.org/node/9.11.0"
    status: "installed"
  286 debug pnpm:progress: 
    pkgId: "registry.npmjs.org/moment/2.22.0"
    status: "installed"
  287 debug pnpm:progress: 
    pkgId: "registry.npmjs.org/body-parser/1.18.2"
    status: "installed"
  288 error pnpm: 
    message: 
      errno: -2
      code: "ENOENT"
      syscall: "stat"
      path: "/rbd/pnpm-volume/3eb9eec8-427b-42c8-b094-9a1ec430d742/node_modules/node/bin/node"
    err: 
      name: "Error"
      message: "ENOENT: no such file or directory, stat '/rbd/pnpm-volume/3eb9eec8-427b-42c8-b094-9a1ec430d742/node_modules/node/bin/node'"
      code: "ENOENT"
      stack: "Error: ENOENT: no such file or directory, stat '/rbd/pnpm-volume/3eb9eec8-427b-42c8-b094-9a1ec430d742/node_modules/node/bin/node'\n    at Error (native)"
